

github.com
facebook.com
www.facebook.com
www.winzip.com
edition.cnn.com
cdn.optimizely.com
www.linkedin.com
www.acunetix.com
accounts.google.com
www.google.com
guce.yahoo.com
consent.yahoo.com
www.yahoo.com?guccounter=1
ie.yahoo.com
www.yahoo.com?guccounter=1&guce_referrer=aHR0cHM6Ly9jb25zZW50LnlhaG9vLmNvbS8&guce_referrer_sig=AQAAAG_awSzzfCrzlhyIcuyIYbiDRhrk2CWdOeb5qjG3Y6IBVzDnH0SAFm3Qc17aa8R6YLyggisDPUKCKObF7jz97yei3JBPqvEf3uUw2eR-baVOEyvIbyr20P69Mjt-R9T4VTd1Dp09J2FwsYv0JueYsZuy224W2q_xQ2enfl39eJam
www.yahoo.com
collector.githubapp.com
twitter.com
bing.com
bing.co.uk
www.bing.com:443
gmail.com
instagram.com
www.instagram.com
paypal.com
www.paypal.com
apple.com
www.apple.com
secure2.store.apple.com
amazon.com
www.amazon.com
www.ebay.com
ib.adnxs.com
pixel.rubiconproject.com
sync.search.spotxchange.com
image2.pubmatic.com
www.google.ie
cdn.navdmp.com
tracking.m6r.eu
dpm.demdex.net
cm.g.doubleclick.net
beacon.krxd.net
us-u.openx.net
slickdeals.net
dsum-sec.casalemedia.com
signin.ebay.com
ebay.com
aib.ie
google.com
www.bankofamerica.com
www.bankofireland.com
t.co
stats.g.doubleclick.net
linkedin.com
www.udemy.com
www.cnn.com
www.bbc.com
zsecurity.org
hexus.net
serve.themediateam.net
stackoverflow.com
rules.quantcount.com
www.google.co.uk
www.google.de
bbc.com
es-la.facebook.com
www.googletagmanager.com
dev.visualwebsiteoptimizer.com
bug-bounty.com
www.google.fr
cdn.sstatic.net
assets.msn.com
get.s-onetag.com
secure-us.imrworldwide.com:443
securepubads.g.doubleclick.net
zsecurity.com
jim.reisellshomes.com
donedeal.ie
www.donedeal.ie